Get:1 http://archive.ubuntu.com/ubuntu jammy InRelease [270 kB]
Get:2 http://security.ubuntu.com/ubuntu jammy-security InRelease [129 kB]
Get:3 http://archive.ubuntu.com/ubuntu jammy-updates InRelease [128 kB]
Get:4 http://archive.ubuntu.com/ubuntu jammy-backports InRelease [127 kB]
Get:5 http://security.ubuntu.com/ubuntu jammy-security/universe amd64 Packages [1300 kB]
Get:6 http://archive.ubuntu.com/ubuntu jammy/main amd64 Packages [1792 kB]
Get:7 http://security.ubuntu.com/ubuntu jammy-security/restricted amd64 Packages [6477 kB]
Get:8 http://archive.ubuntu.com/ubuntu jammy/restricted amd64 Packages [164 kB]
Get:9 http://archive.ubuntu.com/ubuntu jammy/universe amd64 Packages [17.5 MB]
Get:10 http://security.ubuntu.com/ubuntu jammy-security/main amd64 Packages [3717 kB]
Get:11 http://security.ubuntu.com/ubuntu jammy-security/multiverse amd64 Packages [62.6 kB]
Get:12 http://archive.ubuntu.com/ubuntu jammy/multiverse amd64 Packages [266 kB]
Get:13 http://archive.ubuntu.com/ubuntu jammy-updates/universe amd64 Packages [1613 kB]
Get:14 http://archive.ubuntu.com/ubuntu jammy-updates/main amd64 Packages [4059 kB]
Get:15 http://archive.ubuntu.com/ubuntu jammy-updates/restricted amd64 Packages [6721 kB]
Get:16 http://archive.ubuntu.com/ubuntu jammy-updates/multiverse amd64 Packages [70.9 kB]
Get:17 http://archive.ubuntu.com/ubuntu jammy-backports/universe amd64 Packages [37.2 kB]
Get:18 http://archive.ubuntu.com/ubuntu jammy-backports/main amd64 Packages [83.9 kB]
Fetched 44.5 MB in 12s (3643 kB/s)
Reading package lists...
